0 info it worked if it ends with ok
1 verbose cli [ 'D:\\MyWork\\nodejs\\node.exe',
1 verbose cli   'D:\\MyWork\\nodejs\\node_modules\\npm\\bin\\npm-cli.js',
1 verbose cli   'install',
1 verbose cli   '-g',
1 verbose cli   'n' ]
2 info using npm@2.15.1
3 info using node@v4.4.3
4 verbose install initial load of C:\Users\小敏哥\AppData\Roaming\npm\package.json
5 verbose readDependencies loading dependencies from C:\Users\小敏哥\AppData\Roaming\npm\package.json
6 silly cache add args [ 'n', null ]
7 verbose cache add spec n
8 silly cache add parsed spec Result {
8 silly cache add   raw: 'n',
8 silly cache add   scope: null,
8 silly cache add   name: 'n',
8 silly cache add   rawSpec: '',
8 silly cache add   spec: 'latest',
8 silly cache add   type: 'tag' }
9 silly addNamed n@latest
10 verbose addNamed "latest" is being treated as a dist-tag for n
11 info addNameTag [ 'n', 'latest' ]
12 silly mapToRegistry name n
13 silly mapToRegistry using default registry
14 silly mapToRegistry registry https://registry.npmjs.org/
15 silly mapToRegistry data Result {
15 silly mapToRegistry   raw: 'n',
15 silly mapToRegistry   scope: null,
15 silly mapToRegistry   name: 'n',
15 silly mapToRegistry   rawSpec: '',
15 silly mapToRegistry   spec: 'latest',
15 silly mapToRegistry   type: 'tag' }
16 silly mapToRegistry uri https://registry.npmjs.org/n
17 verbose addNameTag registry:https://registry.npmjs.org/n not in flight; fetching
18 verbose request uri https://registry.npmjs.org/n
19 verbose request no auth needed
20 info attempt registry request try #1 at 15:37:15
21 verbose request id cee49efca69b783f
22 http request GET https://registry.npmjs.org/n
23 http 200 https://registry.npmjs.org/n
24 verbose headers { server: 'CouchDB/1.5.0 (Erlang OTP/R16B03)',
24 verbose headers   etag: '"DRKV01WASHLH51N7LEJCYK1MP"',
24 verbose headers   'content-type': 'application/json',
24 verbose headers   'content-encoding': 'gzip',
24 verbose headers   'cache-control': 'max-age=300',
24 verbose headers   'content-length': '10660',
24 verbose headers   'accept-ranges': 'bytes',
24 verbose headers   date: 'Sat, 11 Jun 2016 07:37:17 GMT',
24 verbose headers   via: '1.1 varnish',
24 verbose headers   age: '38',
24 verbose headers   connection: 'keep-alive',
24 verbose headers   'x-served-by': 'cache-sin6924-SIN',
24 verbose headers   'x-cache': 'HIT',
24 verbose headers   'x-cache-hits': '1',
24 verbose headers   'x-timer': 'S1465630637.512388,VS0,VE0',
24 verbose headers   vary: 'Accept-Encoding' }
25 silly get cb [ 200,
25 silly get   { server: 'CouchDB/1.5.0 (Erlang OTP/R16B03)',
25 silly get     etag: '"DRKV01WASHLH51N7LEJCYK1MP"',
25 silly get     'content-type': 'application/json',
25 silly get     'content-encoding': 'gzip',
25 silly get     'cache-control': 'max-age=300',
25 silly get     'content-length': '10660',
25 silly get     'accept-ranges': 'bytes',
25 silly get     date: 'Sat, 11 Jun 2016 07:37:17 GMT',
25 silly get     via: '1.1 varnish',
25 silly get     age: '38',
25 silly get     connection: 'keep-alive',
25 silly get     'x-served-by': 'cache-sin6924-SIN',
25 silly get     'x-cache': 'HIT',
25 silly get     'x-cache-hits': '1',
25 silly get     'x-timer': 'S1465630637.512388,VS0,VE0',
25 silly get     vary: 'Accept-Encoding' } ]
26 verbose get saving n to C:\Users\小敏哥\AppData\Roaming\npm-cache\registry.npmjs.org\n\.cache.json
27 verbose correctMkdir C:\Users\小敏哥\AppData\Roaming\npm-cache correctMkdir not in flight; initializing
28 silly addNameTag next cb for n with tag latest
29 silly addNamed n@2.1.0
30 verbose addNamed "2.1.0" is a plain semver version for n
31 silly mapToRegistry name n
32 silly mapToRegistry using default registry
33 silly mapToRegistry registry https://registry.npmjs.org/
34 silly mapToRegistry data Result {
34 silly mapToRegistry   raw: 'n',
34 silly mapToRegistry   scope: null,
34 silly mapToRegistry   name: 'n',
34 silly mapToRegistry   rawSpec: '',
34 silly mapToRegistry   spec: 'latest',
34 silly mapToRegistry   type: 'tag' }
35 silly mapToRegistry uri https://registry.npmjs.org/n
36 verbose addRemoteTarball https://registry.npmjs.org/n/-/n-2.1.0.tgz not in flight; adding
37 verbose addRemoteTarball [ 'https://registry.npmjs.org/n/-/n-2.1.0.tgz',
37 verbose addRemoteTarball   '4fc736dc18291e464c79fda9ef8faf21e6e1a679' ]
38 info retry fetch attempt 1 at 15:37:15
39 info attempt registry request try #1 at 15:37:15
40 http fetch GET https://registry.npmjs.org/n/-/n-2.1.0.tgz
41 http fetch 200 https://registry.npmjs.org/n/-/n-2.1.0.tgz
42 silly fetchAndShaCheck shasum 4fc736dc18291e464c79fda9ef8faf21e6e1a679
43 verbose addTmpTarball C:\Users\小敏哥\AppData\Local\Temp\npm-1236-65e577bc\registry.npmjs.org\n\-\n-2.1.0.tgz not in flight; adding
44 verbose addTmpTarball already have metadata; skipping unpack for n@2.1.0
45 verbose correctMkdir C:\Users\小敏哥\AppData\Roaming\npm-cache correctMkdir not in flight; initializing
46 silly cache afterAdd n@2.1.0
47 verbose afterAdd C:\Users\小敏哥\AppData\Roaming\npm-cache\n\2.1.0\package\package.json not in flight; writing
48 verbose correctMkdir C:\Users\小敏哥\AppData\Roaming\npm-cache correctMkdir not in flight; initializing
49 verbose afterAdd C:\Users\小敏哥\AppData\Roaming\npm-cache\n\2.1.0\package\package.json written
50 silly install resolved [ { name: 'n',
50 silly install resolved     description: 'Interactively Manage All Your Node Versions',
50 silly install resolved     version: '2.1.0',
50 silly install resolved     author: { name: 'TJ Holowaychuk', email: 'tj@vision-media.ca' },
50 silly install resolved     homepage: 'https://github.com/tj/n',
50 silly install resolved     bugs: { url: 'https://github.com/tj/n/issues' },
50 silly install resolved     contributors: [ [Object], [Object], [Object] ],
50 silly install resolved     keywords:
50 silly install resolved      [ 'nvm',
50 silly install resolved        'node',
50 silly install resolved        'version',
50 silly install resolved        'manager',
50 silly install resolved        'switcher',
50 silly install resolved        'node',
50 silly install resolved        'binary',
50 silly install resolved        'env' ],
50 silly install resolved     bin: { n: './bin/n' },
50 silly install resolved     repository: { type: 'git', url: 'git://github.com/tj/n.git' },
50 silly install resolved     preferGlobal: true,
50 silly install resolved     os: [ '!win32' ],
50 silly install resolved     engines: { node: '*' },
50 silly install resolved     license: 'MIT',
50 silly install resolved     gitHead: '17ef0bf936c9ddb57b174d79f81ae04d8257883e',
50 silly install resolved     _id: 'n@2.1.0',
50 silly install resolved     scripts: {},
50 silly install resolved     _shasum: '4fc736dc18291e464c79fda9ef8faf21e6e1a679',
50 silly install resolved     _from: 'n@latest',
50 silly install resolved     _npmVersion: '3.3.12',
50 silly install resolved     _nodeVersion: '5.3.0',
50 silly install resolved     _npmUser: { name: 'qw3rtman', email: 'me@nimit.io' },
50 silly install resolved     dist:
50 silly install resolved      { shasum: '4fc736dc18291e464c79fda9ef8faf21e6e1a679',
50 silly install resolved        tarball: 'https://registry.npmjs.org/n/-/n-2.1.0.tgz' },
50 silly install resolved     maintainers: [ [Object], [Object], [Object], [Object], [Object], [Object] ],
50 silly install resolved     directories: {},
50 silly install resolved     _resolved: 'https://registry.npmjs.org/n/-/n-2.1.0.tgz' } ]
51 info install n@2.1.0 into C:\Users\小敏哥\AppData\Roaming\npm
52 info installOne n@2.1.0
53 verbose installOne of n to C:\Users\小敏哥\AppData\Roaming\npm not in flight; installing
54 verbose correctMkdir C:\Users\小敏哥\AppData\Roaming\npm-cache\_locks correctMkdir not in flight; initializing
55 verbose lock using C:\Users\小敏哥\AppData\Roaming\npm-cache\_locks\n-88aa4be762e7398c.lock for C:\Users\小敏哥\AppData\Roaming\npm\node_modules\n
56 verbose unlock done using C:\Users\小敏哥\AppData\Roaming\npm-cache\_locks\n-88aa4be762e7398c.lock for C:\Users\小敏哥\AppData\Roaming\npm\node_modules\n
57 verbose stack Error: Unsupported
57 verbose stack     at checkPlatform (D:\MyWork\nodejs\node_modules\npm\node_modules\npm-install-checks\index.js:47:14)
57 verbose stack     at Array.<anonymous> (D:\MyWork\nodejs\node_modules\npm\node_modules\slide\lib\bind-actor.js:15:8)
57 verbose stack     at LOOP (D:\MyWork\nodejs\node_modules\npm\node_modules\slide\lib\chain.js:15:14)
57 verbose stack     at D:\MyWork\nodejs\node_modules\npm\node_modules\slide\lib\chain.js:18:7
57 verbose stack     at checkEngine (D:\MyWork\nodejs\node_modules\npm\node_modules\npm-install-checks\index.js:26:10)
57 verbose stack     at Array.<anonymous> (D:\MyWork\nodejs\node_modules\npm\node_modules\slide\lib\bind-actor.js:15:8)
57 verbose stack     at LOOP (D:\MyWork\nodejs\node_modules\npm\node_modules\slide\lib\chain.js:15:14)
57 verbose stack     at chain (D:\MyWork\nodejs\node_modules\npm\node_modules\slide\lib\chain.js:20:5)
57 verbose stack     at D:\MyWork\nodejs\node_modules\npm\lib\install.js:1038:5
57 verbose stack     at D:\MyWork\nodejs\node_modules\npm\lib\utils\locker.js:39:7
58 verbose pkgid n@2.1.0
59 verbose cwd F:\workspace\git\hkfs\public
60 error Windows_NT 10.0.10586
61 error argv "D:\\MyWork\\nodejs\\node.exe" "D:\\MyWork\\nodejs\\node_modules\\npm\\bin\\npm-cli.js" "install" "-g" "n"
62 error node v4.4.3
63 error npm  v2.15.1
64 error code EBADPLATFORM
65 error notsup Unsupported
65 error notsup Not compatible with your operating system or architecture: n@2.1.0
65 error notsup Valid OS:    !win32
65 error notsup Valid Arch:  any
65 error notsup Actual OS:   win32
65 error notsup Actual Arch: x64
66 verbose exit [ 1, true ]
